2018-08-13 14:51:35,996 INFO o.a.j.u.JMeterUtils: Setting Locale to en_EN
2018-08-13 14:51:36,060 INFO o.a.j.JMeter: Loading user properties from: /Users/mdhanjal/devqa/apache-jmeter-4.0/bin/user.properties
2018-08-13 14:51:36,094 INFO o.a.j.JMeter: Loading system properties from: /Users/mdhanjal/devqa/apache-jmeter-4.0/bin/system.properties
2018-08-13 14:51:36,100 INFO o.a.j.JMeter: Copyright (c) 1998-2018 The Apache Software Foundation
2018-08-13 14:51:36,100 INFO o.a.j.JMeter: Version 4.0 r1823414
2018-08-13 14:51:36,100 INFO o.a.j.JMeter: java.version=1.8.0_131
2018-08-13 14:51:36,100 INFO o.a.j.JMeter: java.vm.name=Java HotSpot(TM) 64-Bit Server VM
2018-08-13 14:51:36,100 INFO o.a.j.JMeter: os.name=Mac OS X
2018-08-13 14:51:36,100 INFO o.a.j.JMeter: os.arch=x86_64
2018-08-13 14:51:36,100 INFO o.a.j.JMeter: os.version=10.11.6
2018-08-13 14:51:36,100 INFO o.a.j.JMeter: file.encoding=UTF-8
2018-08-13 14:51:36,101 INFO o.a.j.JMeter: Max memory     =1073741824
2018-08-13 14:51:36,101 INFO o.a.j.JMeter: Available Processors =4
2018-08-13 14:51:36,105 INFO o.a.j.JMeter: Default Locale=English (EN)
2018-08-13 14:51:36,105 INFO o.a.j.JMeter: JMeter  Locale=English (EN)
2018-08-13 14:51:36,105 INFO o.a.j.JMeter: JMeterHome=/Users/mdhanjal/devqa/apache-jmeter-4.0
2018-08-13 14:51:36,106 INFO o.a.j.JMeter: user.dir  =/Users/mdhanjal/devqa/robot
2018-08-13 14:51:36,106 INFO o.a.j.JMeter: PWD       =/Users/mdhanjal/devqa/robot
2018-08-13 14:51:36,121 INFO o.a.j.JMeter: IP: 172.16.128.63 Name: Manideeps-iMac.local FullName: 172.16.128.63
2018-08-13 14:51:36,124 INFO o.a.j.s.FileServer: Default base='/Users/mdhanjal/devqa/robot'
2018-08-13 14:51:36,129 INFO o.a.j.s.FileServer: Set new base='/Users/mdhanjal/Downloads'
2018-08-13 14:51:36,282 INFO o.a.j.s.SaveService: Testplan (JMX) version: 2.2. Testlog (JTL) version: 2.2
2018-08-13 14:51:36,348 INFO o.a.j.s.SaveService: Using SaveService properties file encoding UTF-8
2018-08-13 14:51:36,353 INFO o.a.j.s.SaveService: Using SaveService properties version 4.0
2018-08-13 14:51:36,358 INFO o.a.j.s.SaveService: Loading file: /Users/mdhanjal/Downloads/Login-logout(Final).jmx
2018-08-13 14:51:36,426 INFO o.a.j.p.h.c.CookieManager: Settings: Delete null: true Check: true Allow variable: true Save: false Prefix: COOKIE_
2018-08-13 14:51:36,430 INFO o.a.j.p.h.c.CacheManager: Will only cache the following methods: [GET]
2018-08-13 14:51:36,445 INFO o.a.j.p.h.s.HTTPSamplerBase: Parser for text/html is org.apache.jmeter.protocol.http.parser.LagartoBasedHtmlParser
2018-08-13 14:51:36,445 INFO o.a.j.p.h.s.HTTPSamplerBase: Parser for application/xhtml+xml is org.apache.jmeter.protocol.http.parser.LagartoBasedHtmlParser
2018-08-13 14:51:36,445 INFO o.a.j.p.h.s.HTTPSamplerBase: Parser for application/xml is org.apache.jmeter.protocol.http.parser.LagartoBasedHtmlParser
2018-08-13 14:51:36,445 INFO o.a.j.p.h.s.HTTPSamplerBase: Parser for text/xml is org.apache.jmeter.protocol.http.parser.LagartoBasedHtmlParser
2018-08-13 14:51:36,445 INFO o.a.j.p.h.s.HTTPSamplerBase: Parser for text/vnd.wap.wml is org.apache.jmeter.protocol.http.parser.RegexpHTMLParser
2018-08-13 14:51:36,445 INFO o.a.j.p.h.s.HTTPSamplerBase: Parser for text/css is org.apache.jmeter.protocol.http.parser.CssParser
2018-08-13 14:51:36,543 INFO o.a.j.JMeter: Creating summariser <summary>
2018-08-13 14:51:36,549 INFO o.a.j.e.StandardJMeterEngine: Running the test!
2018-08-13 14:51:36,550 INFO o.a.j.s.SampleEvent: List of sample_variables: []
2018-08-13 14:51:36,550 INFO o.a.j.s.SampleEvent: List of sample_variables: []
2018-08-13 14:51:36,559 INFO o.a.j.e.u.CompoundVariable: Note: Function class names must contain the string: '.functions.'
2018-08-13 14:51:36,559 INFO o.a.j.e.u.CompoundVariable: Note: Function class names must not contain the string: '.gui.'
2018-08-13 14:51:36,984 INFO o.a.j.JMeter: Running test (1534186296984)
2018-08-13 14:51:37,023 INFO o.a.j.e.StandardJMeterEngine: Starting ThreadGroup: 1 : Thread Group - This script takes approximately 55 secs to run
2018-08-13 14:51:37,023 INFO o.a.j.e.StandardJMeterEngine: Starting 1 threads for group Thread Group - This script takes approximately 55 secs to run.
2018-08-13 14:51:37,023 INFO o.a.j.e.StandardJMeterEngine: Thread will continue on error
2018-08-13 14:51:37,023 INFO o.a.j.t.ThreadGroup: Starting thread group... number=1 threads=1 ramp-up=1 perThread=1000.0 delayedStart=false
2018-08-13 14:51:37,032 INFO o.a.j.t.ThreadGroup: Started thread group number 1
2018-08-13 14:51:37,032 INFO o.a.j.e.StandardJMeterEngine: All thread groups have been started
2018-08-13 14:51:37,035 INFO o.a.j.s.SampleResult: Note: Sample TimeStamps are START times
2018-08-13 14:51:37,036 INFO o.a.j.s.SampleResult: sampleresult.default.encoding is set to ISO-8859-1
2018-08-13 14:51:37,036 INFO o.a.j.s.SampleResult: sampleresult.useNanoTime=true
2018-08-13 14:51:37,036 INFO o.a.j.s.SampleResult: sampleresult.nanoThreadSleep=5000
2018-08-13 14:51:37,041 INFO o.a.j.t.JMeterThread: Thread started: Thread Group - This script takes approximately 55 secs to run 1-1
2018-08-13 14:51:37,068 INFO o.a.j.p.h.s.HTTPHCAbstractImpl: Local host = Manideeps-iMac.local
2018-08-13 14:51:37,072 INFO o.a.j.p.h.s.HTTPHC4Impl: HTTP request retry count = 0
2018-08-13 14:51:37,540 INFO o.a.j.p.h.s.LazySchemeSocketFactory: Setting up HTTPS TrustAll Socket Factory
2018-08-13 14:51:37,617 INFO o.a.j.u.JsseSSLManager: Using default SSL protocol: TLS
2018-08-13 14:51:37,617 INFO o.a.j.u.JsseSSLManager: SSL session context: per-thread
2018-08-13 14:51:38,315 INFO o.a.j.u.SSLManager: JmeterKeyStore Location:  type JKS
2018-08-13 14:51:38,316 INFO o.a.j.u.SSLManager: KeyStore created OK
2018-08-13 14:51:38,316 WARN o.a.j.u.SSLManager: Keystore file not found, loading empty keystore
2018-08-13 14:51:38,894 INFO o.a.j.p.h.p.BaseParser: Created org.apache.jmeter.protocol.http.parser.LagartoBasedHtmlParser
2018-08-13 14:51:38,966 INFO o.a.j.p.h.s.ResourcesDownloader: Creating ResourcesDownloader with keepalive_inseconds : 60
2018-08-13 14:51:39,266 INFO o.a.j.p.h.p.BaseParser: Created org.apache.jmeter.protocol.http.parser.CssParser
2018-08-13 14:56:30,865 INFO o.a.j.r.Summariser: summary +     11 in 00:04:54 =    0.0/s Avg: 24155 Min:     8 Max: 73989 Err:     6 (54.55%) Active: 1 Started: 1 Finished: 0
