1533426796814	geckodriver	INFO	geckodriver 0.21.0
1533426796830	geckodriver	INFO	Listening on 127.0.0.1:56041
1533426798814	mozrunner::runner	INFO	Running command: "C:\\Program Files (x86)\\Mozilla Firefox\\firefox.exe" "-marionette" "-foreground" "-no-remote" "-profile" "C:\\Users\\Manideep\\AppData\\Local\\Temp\\rust_mozprofile.ZNJpM3COvijc"
1533426798971	addons.manager	DEBUG	Application has been upgraded
1533426798982	addons.manager	DEBUG	Loaded provider scope for resource://gre/modules/addons/XPIProvider.jsm: ["XPIProvider", "XPIInternal"]
1533426798984	addons.manager	DEBUG	Loaded provider scope for resource://gre/modules/LightweightThemeManager.jsm: ["LightweightThemeManager"]
1533426798999	addons.manager	DEBUG	Loaded provider scope for resource://gre/modules/addons/GMPProvider.jsm
1533426799000	addons.manager	DEBUG	Loaded provider scope for resource://gre/modules/addons/PluginProvider.jsm
1533426799001	addons.manager	DEBUG	Starting provider: XPIProvider
1533426799001	addons.xpi	DEBUG	startup
1533426799001	addons.xpi	INFO	SystemAddonInstallLocation directory is missing
1533426799010	addons.xpi	INFO	Removing all system add-on upgrades.
1533426799010	addons.xpi	DEBUG	checkForChanges
1533426799011	addons.xpi	DEBUG	Loaded add-on state: ${}
1533426799012	addons.xpi	DEBUG	New add-on activity-stream@mozilla.org in app-system-defaults
1533426799013	addons.xpi	DEBUG	New add-on aushelper@mozilla.org in app-system-defaults
1533426799013	addons.xpi	DEBUG	New add-on firefox@getpocket.com in app-system-defaults
1533426799014	addons.xpi	DEBUG	New add-on followonsearch@mozilla.com in app-system-defaults
1533426799014	addons.xpi	DEBUG	New add-on formautofill@mozilla.org in app-system-defaults
1533426799015	addons.xpi	DEBUG	New add-on onboarding@mozilla.org in app-system-defaults
1533426799016	addons.xpi	DEBUG	New add-on screenshots@mozilla.org in app-system-defaults
1533426799016	addons.xpi	DEBUG	New add-on webcompat-reporter@mozilla.org in app-system-defaults
1533426799016	addons.xpi	DEBUG	New add-on webcompat@mozilla.org in app-system-defaults
1533426799017	addons.xpi	DEBUG	getInstallState changed: true, state: {}
1533426799023	addons.xpi-utils	DEBUG	Opening XPI database C:\Users\Manideep\AppData\Local\Temp\rust_mozprofile.ZNJpM3COvijc\extensions.json
1533426799024	addons.xpi-utils	DEBUG	New add-on activity-stream@mozilla.org installed in app-system-defaults
*** Blocklist::_preloadBlocklistFile: blocklist is disabled
1533426799045	addons.xpi-utils	DEBUG	New add-on aushelper@mozilla.org installed in app-system-defaults
1533426799048	addons.xpi-utils	DEBUG	New add-on firefox@getpocket.com installed in app-system-defaults
1533426799053	addons.xpi-utils	DEBUG	New add-on followonsearch@mozilla.com installed in app-system-defaults
1533426799056	addons.xpi-utils	DEBUG	New add-on formautofill@mozilla.org installed in app-system-defaults
1533426799060	addons.xpi-utils	DEBUG	New add-on onboarding@mozilla.org installed in app-system-defaults
1533426799064	addons.xpi-utils	DEBUG	New add-on screenshots@mozilla.org installed in app-system-defaults
1533426799070	addons.xpi-utils	DEBUG	New add-on webcompat-reporter@mozilla.org installed in app-system-defaults
1533426799075	addons.xpi-utils	DEBUG	New add-on webcompat@mozilla.org installed in app-system-defaults
1533426799202	addons.xpi-utils	DEBUG	XPI Database saved, setting schema version preference to 26
1533426799204	addons.manager	DEBUG	Registering startup change 'installed' for activity-stream@mozilla.org
1533426799209	addons.xpi	DEBUG	Loading bootstrap scope from C:\Program Files (x86)\Mozilla Firefox\browser\features\activity-stream@mozilla.org.xpi
1533426799211	addons.xpi	DEBUG	Calling bootstrap method install on activity-stream@mozilla.org version 2018.06.29.1026-fa231556
1533426799211	addons.xpi-utils	DEBUG	Make addon app-system-defaults:activity-stream@mozilla.org visible
1533426799212	addons.xpi	DEBUG	Updating XPIState for {"id":"activity-stream@mozilla.org","syncGUID":"{483f8f27-834a-4ff7-b9d9-d8a49b7f7483}","location":"app-system-defaults","version":"2018.06.29.1026-fa231556","type":"extension","updateURL":null,"optionsURL":null,"optionsType":null,"aboutURL":null,"defaultLocale":{"name":"Activity Stream","description":"A rich visual history feed and a reimagined home page make it easier than ever to find exactly what you're looking for in Firefox.","creator":null,"homepageURL":null},"visible":true,"active":false,"userDisabled":false,"appDisabled":false,"installDate":1533248336577,"updateDate":1533248336577,"applyBackgroundUpdates":1,"bootstrap":true,"path":"C:\\Program Files (x86)\\Mozilla Firefox\\browser\\features\\activity-stream@mozilla.org.xpi","skinnable":false,"size":2732420,"sourceURI":null,"releaseNotesURI":null,"softDisabled":false,"foreignInstall":false,"strictCompatibility":false,"locales":[],"targetApplications":[{"id":"{ec8030f7-c20a-464f-9b0e-13a3a9e97384}","minVersion":"61.0.1","maxVersion":"61.*"}],"targetPlatforms":[],"seen":true,"dependencies":[],"hasEmbeddedWebExtension":false,"userPermissions":null,"icons":{},"iconURL":null,"icon64URL":null,"blocklistState":0,"blocklistURL":null,"startupData":null}
1533426799212	addons.manager	DEBUG	Registering startup change 'installed' for aushelper@mozilla.org
1533426799213	addons.xpi	DEBUG	Loading bootstrap scope from C:\Program Files (x86)\Mozilla Firefox\browser\features\aushelper@mozilla.org.xpi
1533426799215	addons.xpi	DEBUG	Calling bootstrap method install on aushelper@mozilla.org version 2.0
1533426799215	addons.xpi-utils	DEBUG	Make addon app-system-defaults:aushelper@mozilla.org visible
1533426799215	addons.xpi	DEBUG	Updating XPIState for {"id":"aushelper@mozilla.org","syncGUID":"{de2c5df1-60cf-4fef-b8d2-2eaa1558217c}","location":"app-system-defaults","version":"2.0","type":"extension","updateURL":null,"optionsURL":null,"optionsType":null,"aboutURL":null,"defaultLocale":{"name":"Application Update Service Helper","description":"Sets value(s) in the update url based on custom checks.","creator":null,"homepageURL":null},"visible":true,"active":false,"userDisabled":false,"appDisabled":false,"installDate":1533248336535,"updateDate":1533248336535,"applyBackgroundUpdates":1,"bootstrap":true,"path":"C:\\Program Files (x86)\\Mozilla Firefox\\browser\\features\\aushelper@mozilla.org.xpi","skinnable":false,"size":8425,"sourceURI":null,"releaseNotesURI":null,"softDisabled":false,"foreignInstall":false,"strictCompatibility":false,"locales":[],"targetApplications":[{"id":"{ec8030f7-c20a-464f-9b0e-13a3a9e97384}","minVersion":"61.0.1","maxVersion":"61.*"}],"targetPlatforms":[],"seen":true,"dependencies":[],"hasEmbeddedWebExtension":false,"userPermissions":null,"icons":{},"iconURL":null,"icon64URL":null,"blocklistState":0,"blocklistURL":null,"startupData":null}
1533426799216	addons.manager	DEBUG	Registering startup change 'installed' for firefox@getpocket.com
1533426799216	addons.xpi	DEBUG	Loading bootstrap scope from C:\Program Files (x86)\Mozilla Firefox\browser\features\firefox@getpocket.com.xpi
1533426799220	addons.xpi	DEBUG	Calling bootstrap method install on firefox@getpocket.com version 1.0.5
1533426799220	addons.xpi-utils	DEBUG	Make addon app-system-defaults:firefox@getpocket.com visible
1533426799220	addons.xpi	DEBUG	Updating XPIState for {"id":"firefox@getpocket.com","syncGUID":"{c81dd840-6139-4e6c-9dfb-6c23091727c9}","location":"app-system-defaults","version":"1.0.5","type":"extension","updateURL":null,"optionsURL":null,"optionsType":null,"aboutURL":null,"defaultLocale":{"name":"Pocket","description":"When you find something you want to view later, put it in Pocket.","creator":null,"homepageURL":null},"visible":true,"active":false,"userDisabled":false,"appDisabled":false,"installDate":1533248336523,"updateDate":1533248336523,"applyBackgroundUpdates":1,"bootstrap":true,"path":"C:\\Program Files (x86)\\Mozilla Firefox\\browser\\features\\firefox@getpocket.com.xpi","skinnable":false,"size":855820,"sourceURI":null,"releaseNotesURI":null,"softDisabled":false,"foreignInstall":false,"strictCompatibility":false,"locales":[],"targetApplications":[{"id":"{ec8030f7-c20a-464f-9b0e-13a3a9e97384}","minVersion":"61.0.1","maxVersion":"61.*"}],"targetPlatforms":[],"seen":true,"dependencies":[],"hasEmbeddedWebExtension":false,"userPermissions":null,"icons":{},"iconURL":null,"icon64URL":null,"blocklistState":0,"blocklistURL":null,"startupData":null}
1533426799220	addons.manager	DEBUG	Registering startup change 'installed' for followonsearch@mozilla.com
1533426799221	addons.xpi	DEBUG	Loading bootstrap scope from C:\Program Files (x86)\Mozilla Firefox\browser\features\followonsearch@mozilla.com.xpi
1533426799223	addons.xpi	DEBUG	Calling bootstrap method install on followonsearch@mozilla.com version 0.9.7
1533426799223	addons.xpi-utils	DEBUG	Make addon app-system-defaults:followonsearch@mozilla.com visible
1533426799223	addons.xpi	DEBUG	Updating XPIState for {"id":"followonsearch@mozilla.com","syncGUID":"{f2e6b600-eec4-4d80-8261-a5fd36d056b5}","location":"app-system-defaults","version":"0.9.7","type":"extension","updateURL":null,"optionsURL":null,"optionsType":null,"aboutURL":null,"defaultLocale":{"name":"Follow-on Search Telemetry","description":null,"creator":null,"homepageURL":null},"visible":true,"active":false,"userDisabled":false,"appDisabled":false,"installDate":1533248336509,"updateDate":1533248336509,"applyBackgroundUpdates":1,"bootstrap":true,"path":"C:\\Program Files (x86)\\Mozilla Firefox\\browser\\features\\followonsearch@mozilla.com.xpi","skinnable":false,"size":17903,"sourceURI":null,"releaseNotesURI":null,"softDisabled":false,"foreignInstall":false,"strictCompatibility":false,"locales":[],"targetApplications":[{"id":"{ec8030f7-c20a-464f-9b0e-13a3a9e97384}","minVersion":"52.0","maxVersion":"66.*"}],"targetPlatforms":[],"seen":true,"dependencies":[],"hasEmbeddedWebExtension":false,"userPermissions":null,"icons":{},"iconURL":null,"icon64URL":null,"blocklistState":0,"blocklistURL":null,"startupData":null}
1533426799223	addons.manager	DEBUG	Registering startup change 'installed' for formautofill@mozilla.org
1533426799223	addons.xpi	DEBUG	Loading bootstrap scope from C:\Program Files (x86)\Mozilla Firefox\browser\features\formautofill@mozilla.org.xpi
1533426799225	addons.xpi	DEBUG	Calling bootstrap method install on formautofill@mozilla.org version 1.0
1533426799225	addons.xpi-utils	DEBUG	Make addon app-system-defaults:formautofill@mozilla.org visible
1533426799226	addons.xpi	DEBUG	Updating XPIState for {"id":"formautofill@mozilla.org","syncGUID":"{39ead993-574d-411e-990e-e6c4c7206b85}","location":"app-system-defaults","version":"1.0","type":"extension","updateURL":null,"optionsURL":null,"optionsType":null,"aboutURL":null,"defaultLocale":{"name":"Form Autofill","description":"Autofill forms with saved profiles","creator":null,"homepageURL":null},"visible":true,"active":false,"userDisabled":false,"appDisabled":false,"installDate":1533248336502,"updateDate":1533248336502,"applyBackgroundUpdates":1,"bootstrap":true,"path":"C:\\Program Files (x86)\\Mozilla Firefox\\browser\\features\\formautofill@mozilla.org.xpi","skinnable":false,"size":465058,"sourceURI":null,"releaseNotesURI":null,"softDisabled":false,"foreignInstall":false,"strictCompatibility":false,"locales":[],"targetApplications":[{"id":"{ec8030f7-c20a-464f-9b0e-13a3a9e97384}","minVersion":"61.0.1","maxVersion":"61.*"}],"targetPlatforms":[],"seen":true,"dependencies":[],"hasEmbeddedWebExtension":false,"userPermissions":null,"icons":{},"iconURL":null,"icon64URL":null,"blocklistState":0,"blocklistURL":null,"startupData":null}
1533426799226	addons.manager	DEBUG	Registering startup change 'installed' for onboarding@mozilla.org
1533426799226	addons.xpi	DEBUG	Loading bootstrap scope from C:\Program Files (x86)\Mozilla Firefox\browser\features\onboarding@mozilla.org.xpi
1533426799229	addons.xpi	DEBUG	Calling bootstrap method install on onboarding@mozilla.org version 1.0
1533426799229	addons.xpi-utils	DEBUG	Make addon app-system-defaults:onboarding@mozilla.org visible
1533426799229	addons.xpi	DEBUG	Updating XPIState for {"id":"onboarding@mozilla.org","syncGUID":"{63308b19-279c-4d8c-9e5b-f4c081e4179b}","location":"app-system-defaults","version":"1.0","type":"extension","updateURL":null,"optionsURL":null,"optionsType":null,"aboutURL":null,"defaultLocale":{"name":"Photon onboarding","description":"Photon onboarding","creator":null,"homepageURL":null},"visible":true,"active":false,"userDisabled":false,"appDisabled":false,"installDate":1533248336470,"updateDate":1533248336470,"applyBackgroundUpdates":1,"bootstrap":true,"path":"C:\\Program Files (x86)\\Mozilla Firefox\\browser\\features\\onboarding@mozilla.org.xpi","skinnable":false,"size":564181,"sourceURI":null,"releaseNotesURI":null,"softDisabled":false,"foreignInstall":false,"strictCompatibility":false,"locales":[],"targetApplications":[{"id":"{ec8030f7-c20a-464f-9b0e-13a3a9e97384}","minVersion":"61.0.1","maxVersion":"61.*"}],"targetPlatforms":[],"seen":true,"dependencies":[],"hasEmbeddedWebExtension":false,"userPermissions":null,"icons":{},"iconURL":null,"icon64URL":null,"blocklistState":0,"blocklistURL":null,"startupData":null}
1533426799229	addons.manager	DEBUG	Registering startup change 'installed' for screenshots@mozilla.org
1533426799230	addons.xpi	DEBUG	Loading bootstrap scope from C:\Program Files (x86)\Mozilla Firefox\browser\features\screenshots@mozilla.org.xpi
1533426799232	addons.xpi	DEBUG	Calling bootstrap method install on screenshots@mozilla.org version 32.1.0
1533426799232	addons.xpi-utils	DEBUG	Make addon app-system-defaults:screenshots@mozilla.org visible
1533426799232	addons.xpi	DEBUG	Updating XPIState for {"id":"screenshots@mozilla.org","syncGUID":"{dd314272-bda8-44ef-bd00-6af0ed5e67d9}","location":"app-system-defaults","version":"32.1.0","type":"extension","updateURL":null,"optionsURL":null,"optionsType":null,"aboutURL":null,"defaultLocale":{"name":"Firefox Screenshots","description":null,"creator":null,"homepageURL":"https://screenshots.firefox.com/"},"visible":true,"active":false,"userDisabled":false,"appDisabled":false,"installDate":1533248336451,"updateDate":1533248336451,"applyBackgroundUpdates":1,"bootstrap":true,"path":"C:\\Program Files (x86)\\Mozilla Firefox\\browser\\features\\screenshots@mozilla.org.xpi","skinnable":false,"size":1002421,"sourceURI":null,"releaseNotesURI":null,"softDisabled":false,"foreignInstall":false,"strictCompatibility":false,"locales":[],"targetApplications":[{"id":"{ec8030f7-c20a-464f-9b0e-13a3a9e97384}","minVersion":"57.0a1","maxVersion":"*"}],"targetPlatforms":[],"seen":true,"dependencies":[],"hasEmbeddedWebExtension":false,"userPermissions":null,"icons":{},"iconURL":null,"icon64URL":null,"blocklistState":0,"blocklistURL":null,"startupData":null}
1533426799233	addons.manager	DEBUG	Registering startup change 'installed' for webcompat-reporter@mozilla.org
1533426799233	addons.xpi	DEBUG	Loading bootstrap scope from C:\Program Files (x86)\Mozilla Firefox\browser\features\webcompat-reporter@mozilla.org.xpi
1533426799235	addons.xpi	DEBUG	Calling bootstrap method install on webcompat-reporter@mozilla.org version 1.0.0
1533426799235	addons.xpi-utils	DEBUG	Make addon app-system-defaults:webcompat-reporter@mozilla.org visible
1533426799236	addons.xpi	DEBUG	Updating XPIState for {"id":"webcompat-reporter@mozilla.org","syncGUID":"{7946420b-9cc4-4f6c-a711-8ef8fbc954a7}","location":"app-system-defaults","version":"1.0.0","type":"extension","updateURL":null,"optionsURL":null,"optionsType":null,"aboutURL":null,"defaultLocale":{"name":"WebCompat Reporter","description":"Report site compatibility issues on webcompat.com.","creator":null,"homepageURL":null},"visible":true,"active":false,"userDisabled":false,"appDisabled":false,"installDate":1533248337070,"updateDate":1533248337070,"applyBackgroundUpdates":1,"bootstrap":true,"path":"C:\\Program Files (x86)\\Mozilla Firefox\\browser\\features\\webcompat-reporter@mozilla.org.xpi","skinnable":false,"size":12711,"sourceURI":null,"releaseNotesURI":null,"softDisabled":false,"foreignInstall":false,"strictCompatibility":false,"locales":[],"targetApplications":[{"id":"{ec8030f7-c20a-464f-9b0e-13a3a9e97384}","minVersion":"61.0.1","maxVersion":"61.*"}],"targetPlatforms":[],"seen":true,"dependencies":[],"hasEmbeddedWebExtension":false,"userPermissions":null,"icons":{},"iconURL":null,"icon64URL":null,"blocklistState":0,"blocklistURL":null,"startupData":null}
1533426799236	addons.manager	DEBUG	Registering startup change 'installed' for webcompat@mozilla.org
1533426799236	addons.xpi	DEBUG	Loading bootstrap scope from C:\Program Files (x86)\Mozilla Firefox\browser\features\webcompat@mozilla.org.xpi
1533426799238	addons.xpi	DEBUG	Calling bootstrap method install on webcompat@mozilla.org version 2.0
1533426799238	addons.xpi-utils	DEBUG	Make addon app-system-defaults:webcompat@mozilla.org visible
1533426799238	addons.xpi	DEBUG	Updating XPIState for {"id":"webcompat@mozilla.org","syncGUID":"{dcc3ed1e-041d-4fc6-b240-2c97b3fcaeb7}","location":"app-system-defaults","version":"2.0","type":"extension","updateURL":null,"optionsURL":null,"optionsType":null,"aboutURL":null,"defaultLocale":{"name":"Web Compat","description":"Urgent post-release fixes for web compatibility.","creator":null,"homepageURL":null},"visible":true,"active":false,"userDisabled":false,"appDisabled":false,"installDate":1533248336427,"updateDate":1533248336427,"applyBackgroundUpdates":1,"bootstrap":true,"path":"C:\\Program Files (x86)\\Mozilla Firefox\\browser\\features\\webcompat@mozilla.org.xpi","skinnable":false,"size":13138,"sourceURI":null,"releaseNotesURI":null,"softDisabled":false,"foreignInstall":false,"strictCompatibility":false,"locales":[],"targetApplications":[{"id":"{ec8030f7-c20a-464f-9b0e-13a3a9e97384}","minVersion":"61.0.1","maxVersion":"61.*"},{"id":"{aa3c5121-dab2-40e2-81ca-7ea25febc110}","minVersion":"61.0.1","maxVersion":"61.*"}],"targetPlatforms":[],"seen":true,"dependencies":[],"hasEmbeddedWebExtension":true,"userPermissions":null,"icons":{},"iconURL":null,"icon64URL":null,"blocklistState":0,"blocklistURL":null,"startupData":null}
1533426799239	addons.xpi	DEBUG	Updating XPIState for {"id":"activity-stream@mozilla.org","syncGUID":"{483f8f27-834a-4ff7-b9d9-d8a49b7f7483}","location":"app-system-defaults","version":"2018.06.29.1026-fa231556","type":"extension","updateURL":null,"optionsURL":null,"optionsType":null,"aboutURL":null,"defaultLocale":{"name":"Activity Stream","description":"A rich visual history feed and a reimagined home page make it easier than ever to find exactly what you're looking for in Firefox.","creator":null,"homepageURL":null},"visible":true,"active":true,"userDisabled":false,"appDisabled":false,"installDate":1533248336577,"updateDate":1533248336577,"applyBackgroundUpdates":1,"bootstrap":true,"path":"C:\\Program Files (x86)\\Mozilla Firefox\\browser\\features\\activity-stream@mozilla.org.xpi","skinnable":false,"size":2732420,"sourceURI":null,"releaseNotesURI":null,"softDisabled":false,"foreignInstall":false,"strictCompatibility":false,"locales":[],"targetApplications":[{"id":"{ec8030f7-c20a-464f-9b0e-13a3a9e97384}","minVersion":"61.0.1","maxVersion":"61.*"}],"targetPlatforms":[],"seen":true,"dependencies":[],"hasEmbeddedWebExtension":false,"userPermissions":null,"icons":{},"iconURL":null,"icon64URL":null,"blocklistState":0,"blocklistURL":null,"startupData":null}
1533426799239	addons.xpi	DEBUG	Updating XPIState for {"id":"aushelper@mozilla.org","syncGUID":"{de2c5df1-60cf-4fef-b8d2-2eaa1558217c}","location":"app-system-defaults","version":"2.0","type":"extension","updateURL":null,"optionsURL":null,"optionsType":null,"aboutURL":null,"defaultLocale":{"name":"Application Update Service Helper","description":"Sets value(s) in the update url based on custom checks.","creator":null,"homepageURL":null},"visible":true,"active":true,"userDisabled":false,"appDisabled":false,"installDate":1533248336535,"updateDate":1533248336535,"applyBackgroundUpdates":1,"bootstrap":true,"path":"C:\\Program Files (x86)\\Mozilla Firefox\\browser\\features\\aushelper@mozilla.org.xpi","skinnable":false,"size":8425,"sourceURI":null,"releaseNotesURI":null,"softDisabled":false,"foreignInstall":false,"strictCompatibility":false,"locales":[],"targetApplications":[{"id":"{ec8030f7-c20a-464f-9b0e-13a3a9e97384}","minVersion":"61.0.1","maxVersion":"61.*"}],"targetPlatforms":[],"seen":true,"dependencies":[],"hasEmbeddedWebExtension":false,"userPermissions":null,"icons":{},"iconURL":null,"icon64URL":null,"blocklistState":0,"blocklistURL":null,"startupData":null}
1533426799239	addons.xpi	DEBUG	Updating XPIState for {"id":"firefox@getpocket.com","syncGUID":"{c81dd840-6139-4e6c-9dfb-6c23091727c9}","location":"app-system-defaults","version":"1.0.5","type":"extension","updateURL":null,"optionsURL":null,"optionsType":null,"aboutURL":null,"defaultLocale":{"name":"Pocket","description":"When you find something you want to view later, put it in Pocket.","creator":null,"homepageURL":null},"visible":true,"active":true,"userDisabled":false,"appDisabled":false,"installDate":1533248336523,"updateDate":1533248336523,"applyBackgroundUpdates":1,"bootstrap":true,"path":"C:\\Program Files (x86)\\Mozilla Firefox\\browser\\features\\firefox@getpocket.com.xpi","skinnable":false,"size":855820,"sourceURI":null,"releaseNotesURI":null,"softDisabled":false,"foreignInstall":false,"strictCompatibility":false,"locales":[],"targetApplications":[{"id":"{ec8030f7-c20a-464f-9b0e-13a3a9e97384}","minVersion":"61.0.1","maxVersion":"61.*"}],"targetPlatforms":[],"seen":true,"dependencies":[],"hasEmbeddedWebExtension":false,"userPermissions":null,"icons":{},"iconURL":null,"icon64URL":null,"blocklistState":0,"blocklistURL":null,"startupData":null}
1533426799239	addons.xpi	DEBUG	Updating XPIState for {"id":"followonsearch@mozilla.com","syncGUID":"{f2e6b600-eec4-4d80-8261-a5fd36d056b5}","location":"app-system-defaults","version":"0.9.7","type":"extension","updateURL":null,"optionsURL":null,"optionsType":null,"aboutURL":null,"defaultLocale":{"name":"Follow-on Search Telemetry","description":null,"creator":null,"homepageURL":null},"visible":true,"active":true,"userDisabled":false,"appDisabled":false,"installDate":1533248336509,"updateDate":1533248336509,"applyBackgroundUpdates":1,"bootstrap":true,"path":"C:\\Program Files (x86)\\Mozilla Firefox\\browser\\features\\followonsearch@mozilla.com.xpi","skinnable":false,"size":17903,"sourceURI":null,"releaseNotesURI":null,"softDisabled":false,"foreignInstall":false,"strictCompatibility":false,"locales":[],"targetApplications":[{"id":"{ec8030f7-c20a-464f-9b0e-13a3a9e97384}","minVersion":"52.0","maxVersion":"66.*"}],"targetPlatforms":[],"seen":true,"dependencies":[],"hasEmbeddedWebExtension":false,"userPermissions":null,"icons":{},"iconURL":null,"icon64URL":null,"blocklistState":0,"blocklistURL":null,"startupData":null}
1533426799239	addons.xpi	DEBUG	Updating XPIState for {"id":"formautofill@mozilla.org","syncGUID":"{39ead993-574d-411e-990e-e6c4c7206b85}","location":"app-system-defaults","version":"1.0","type":"extension","updateURL":null,"optionsURL":null,"optionsType":null,"aboutURL":null,"defaultLocale":{"name":"Form Autofill","description":"Autofill forms with saved profiles","creator":null,"homepageURL":null},"visible":true,"active":true,"userDisabled":false,"appDisabled":false,"installDate":1533248336502,"updateDate":1533248336502,"applyBackgroundUpdates":1,"bootstrap":true,"path":"C:\\Program Files (x86)\\Mozilla Firefox\\browser\\features\\formautofill@mozilla.org.xpi","skinnable":false,"size":465058,"sourceURI":null,"releaseNotesURI":null,"softDisabled":false,"foreignInstall":false,"strictCompatibility":false,"locales":[],"targetApplications":[{"id":"{ec8030f7-c20a-464f-9b0e-13a3a9e97384}","minVersion":"61.0.1","maxVersion":"61.*"}],"targetPlatforms":[],"seen":true,"dependencies":[],"hasEmbeddedWebExtension":false,"userPermissions":null,"icons":{},"iconURL":null,"icon64URL":null,"blocklistState":0,"blocklistURL":null,"startupData":null}
1533426799239	addons.xpi	DEBUG	Updating XPIState for {"id":"onboarding@mozilla.org","syncGUID":"{63308b19-279c-4d8c-9e5b-f4c081e4179b}","location":"app-system-defaults","version":"1.0","type":"extension","updateURL":null,"optionsURL":null,"optionsType":null,"aboutURL":null,"defaultLocale":{"name":"Photon onboarding","description":"Photon onboarding","creator":null,"homepageURL":null},"visible":true,"active":true,"userDisabled":false,"appDisabled":false,"installDate":1533248336470,"updateDate":1533248336470,"applyBackgroundUpdates":1,"bootstrap":true,"path":"C:\\Program Files (x86)\\Mozilla Firefox\\browser\\features\\onboarding@mozilla.org.xpi","skinnable":false,"size":564181,"sourceURI":null,"releaseNotesURI":null,"softDisabled":false,"foreignInstall":false,"strictCompatibility":false,"locales":[],"targetApplications":[{"id":"{ec8030f7-c20a-464f-9b0e-13a3a9e97384}","minVersion":"61.0.1","maxVersion":"61.*"}],"targetPlatforms":[],"seen":true,"dependencies":[],"hasEmbeddedWebExtension":false,"userPermissions":null,"icons":{},"iconURL":null,"icon64URL":null,"blocklistState":0,"blocklistURL":null,"startupData":null}
1533426799239	addons.xpi	DEBUG	Updating XPIState for {"id":"screenshots@mozilla.org","syncGUID":"{dd314272-bda8-44ef-bd00-6af0ed5e67d9}","location":"app-system-defaults","version":"32.1.0","type":"extension","updateURL":null,"optionsURL":null,"optionsType":null,"aboutURL":null,"defaultLocale":{"name":"Firefox Screenshots","description":null,"creator":null,"homepageURL":"https://screenshots.firefox.com/"},"visible":true,"active":true,"userDisabled":false,"appDisabled":false,"installDate":1533248336451,"updateDate":1533248336451,"applyBackgroundUpdates":1,"bootstrap":true,"path":"C:\\Program Files (x86)\\Mozilla Firefox\\browser\\features\\screenshots@mozilla.org.xpi","skinnable":false,"size":1002421,"sourceURI":null,"releaseNotesURI":null,"softDisabled":false,"foreignInstall":false,"strictCompatibility":false,"locales":[],"targetApplications":[{"id":"{ec8030f7-c20a-464f-9b0e-13a3a9e97384}","minVersion":"57.0a1","maxVersion":"*"}],"targetPlatforms":[],"seen":true,"dependencies":[],"hasEmbeddedWebExtension":false,"userPermissions":null,"icons":{},"iconURL":null,"icon64URL":null,"blocklistState":0,"blocklistURL":null,"startupData":null}
1533426799240	addons.xpi	DEBUG	Updating XPIState for {"id":"webcompat-reporter@mozilla.org","syncGUID":"{7946420b-9cc4-4f6c-a711-8ef8fbc954a7}","location":"app-system-defaults","version":"1.0.0","type":"extension","updateURL":null,"optionsURL":null,"optionsType":null,"aboutURL":null,"defaultLocale":{"name":"WebCompat Reporter","description":"Report site compatibility issues on webcompat.com.","creator":null,"homepageURL":null},"visible":true,"active":true,"userDisabled":false,"appDisabled":false,"installDate":1533248337070,"updateDate":1533248337070,"applyBackgroundUpdates":1,"bootstrap":true,"path":"C:\\Program Files (x86)\\Mozilla Firefox\\browser\\features\\webcompat-reporter@mozilla.org.xpi","skinnable":false,"size":12711,"sourceURI":null,"releaseNotesURI":null,"softDisabled":false,"foreignInstall":false,"strictCompatibility":false,"locales":[],"targetApplications":[{"id":"{ec8030f7-c20a-464f-9b0e-13a3a9e97384}","minVersion":"61.0.1","maxVersion":"61.*"}],"targetPlatforms":[],"seen":true,"dependencies":[],"hasEmbeddedWebExtension":false,"userPermissions":null,"icons":{},"iconURL":null,"icon64URL":null,"blocklistState":0,"blocklistURL":null,"startupData":null}
1533426799240	addons.xpi	DEBUG	Updating XPIState for {"id":"webcompat@mozilla.org","syncGUID":"{dcc3ed1e-041d-4fc6-b240-2c97b3fcaeb7}","location":"app-system-defaults","version":"2.0","type":"extension","updateURL":null,"optionsURL":null,"optionsType":null,"aboutURL":null,"defaultLocale":{"name":"Web Compat","description":"Urgent post-release fixes for web compatibility.","creator":null,"homepageURL":null},"visible":true,"active":true,"userDisabled":false,"appDisabled":false,"installDate":1533248336427,"updateDate":1533248336427,"applyBackgroundUpdates":1,"bootstrap":true,"path":"C:\\Program Files (x86)\\Mozilla Firefox\\browser\\features\\webcompat@mozilla.org.xpi","skinnable":false,"size":13138,"sourceURI":null,"releaseNotesURI":null,"softDisabled":false,"foreignInstall":false,"strictCompatibility":false,"locales":[],"targetApplications":[{"id":"{ec8030f7-c20a-464f-9b0e-13a3a9e97384}","minVersion":"61.0.1","maxVersion":"61.*"},{"id":"{aa3c5121-dab2-40e2-81ca-7ea25febc110}","minVersion":"61.0.1","maxVersion":"61.*"}],"targetPlatforms":[],"seen":true,"dependencies":[],"hasEmbeddedWebExtension":true,"userPermissions":null,"icons":{},"iconURL":null,"icon64URL":null,"blocklistState":0,"blocklistURL":null,"startupData":null}
1533426799240	addons.xpi	DEBUG	Updating database with changes to installed add-ons
1533426799240	addons.xpi-utils	DEBUG	Updating add-on states
1533426799243	addons.xpi	DEBUG	Registering manifest for C:\Program Files (x86)\Mozilla Firefox\browser\features\activity-stream@mozilla.org.xpi
1533426799244	addons.xpi	DEBUG	Calling bootstrap method startup on activity-stream@mozilla.org version 2018.06.29.1026-fa231556
1533426799245	addons.xpi	DEBUG	Registering manifest for C:\Program Files (x86)\Mozilla Firefox\browser\features\aushelper@mozilla.org.xpi
1533426799245	addons.xpi	DEBUG	Calling bootstrap method startup on aushelper@mozilla.org version 2.0
1533426799246	addons.xpi	DEBUG	Registering manifest for C:\Program Files (x86)\Mozilla Firefox\browser\features\firefox@getpocket.com.xpi
1533426799247	addons.xpi	DEBUG	Calling bootstrap method startup on firefox@getpocket.com version 1.0.5
1533426799253	addons.xpi	DEBUG	Registering manifest for C:\Program Files (x86)\Mozilla Firefox\browser\features\followonsearch@mozilla.com.xpi
1533426799254	addons.xpi	DEBUG	Calling bootstrap method startup on followonsearch@mozilla.com version 0.9.7
1533426799254	addons.xpi	DEBUG	Registering manifest for C:\Program Files (x86)\Mozilla Firefox\browser\features\formautofill@mozilla.org.xpi
1533426799255	addons.xpi	DEBUG	Calling bootstrap method startup on formautofill@mozilla.org version 1.0
1533426799255	addons.xpi	DEBUG	Registering manifest for C:\Program Files (x86)\Mozilla Firefox\browser\features\onboarding@mozilla.org.xpi
1533426799256	addons.xpi	DEBUG	Calling bootstrap method startup on onboarding@mozilla.org version 1.0
1533426799256	addons.xpi	DEBUG	Registering manifest for C:\Program Files (x86)\Mozilla Firefox\browser\features\screenshots@mozilla.org.xpi
1533426799257	addons.xpi	DEBUG	Calling bootstrap method startup on screenshots@mozilla.org version 32.1.0
1533426799257	addons.xpi	DEBUG	Registering manifest for C:\Program Files (x86)\Mozilla Firefox\browser\features\webcompat-reporter@mozilla.org.xpi
1533426799258	addons.xpi	DEBUG	Calling bootstrap method startup on webcompat-reporter@mozilla.org version 1.0.0
1533426799258	addons.xpi	DEBUG	Registering manifest for C:\Program Files (x86)\Mozilla Firefox\browser\features\webcompat@mozilla.org.xpi
1533426799259	addons.xpi	DEBUG	Calling bootstrap method startup on webcompat@mozilla.org version 2.0
1533426799261	addons.manager	DEBUG	Registering shutdown blocker for XPIProvider
1533426799261	addons.manager	DEBUG	Provider finished startup: XPIProvider
1533426799261	addons.manager	DEBUG	Starting provider: LightweightThemeManager
1533426799261	addons.manager	DEBUG	Registering shutdown blocker for LightweightThemeManager
1533426799261	addons.manager	DEBUG	Provider finished startup: LightweightThemeManager
1533426799262	addons.manager	DEBUG	Starting provider: GMPProvider
1533426799263	addons.manager	DEBUG	Registering shutdown blocker for GMPProvider
1533426799264	addons.manager	DEBUG	Provider finished startup: GMPProvider
1533426799264	addons.manager	DEBUG	Starting provider: PluginProvider
1533426799264	addons.manager	DEBUG	Registering shutdown blocker for PluginProvider
1533426799264	addons.manager	DEBUG	Provider finished startup: PluginProvider
1533426799265	addons.manager	DEBUG	Completed startup sequence
Unable to read VR Path Registry from C:\Users\Manideep\AppData\Local\openvr\openvrpaths.vrpath
Unable to read VR Path Registry from C:\Users\Manideep\AppData\Local\openvr\openvrpaths.vrpath
1533426799841	addons.repository	DEBUG	No addons.json found.
Unable to read VR Path Registry from C:\Users\Manideep\AppData\Local\openvr\openvrpaths.vrpath
Unable to read VR Path Registry from C:\Users\Manideep\AppData\Local\openvr\openvrpaths.vrpath
Unable to read VR Path Registry from C:\Users\Manideep\AppData\Local\openvr\openvrpaths.vrpath
1533426800888	addons.xpi	DEBUG	Existing add-on activity-stream@mozilla.org in app-system-defaults
1533426800888	addons.xpi	DEBUG	Existing add-on aushelper@mozilla.org in app-system-defaults
1533426800889	addons.xpi	DEBUG	Existing add-on firefox@getpocket.com in app-system-defaults
1533426800889	addons.xpi	DEBUG	Existing add-on followonsearch@mozilla.com in app-system-defaults
1533426800890	addons.xpi	DEBUG	Existing add-on formautofill@mozilla.org in app-system-defaults
1533426800890	addons.xpi	DEBUG	Existing add-on onboarding@mozilla.org in app-system-defaults
1533426800891	addons.xpi	DEBUG	Existing add-on screenshots@mozilla.org in app-system-defaults
1533426800891	addons.xpi	DEBUG	Existing add-on webcompat-reporter@mozilla.org in app-system-defaults
1533426800891	addons.xpi	DEBUG	Existing add-on webcompat@mozilla.org in app-system-defaults
1533426800892	addons.xpi	DEBUG	getInstallState changed: false, state: {}
1533426801338	Marionette	INFO	Listening on port 56047
1533426801581	Marionette	WARN	TLS certificate errors will be ignored for this session
1533426812078	addons.xpi	DEBUG	Calling bootstrap method shutdown on webcompat@mozilla.org version 2.0
1533426812079	addons.xpi	DEBUG	Calling bootstrap method shutdown on webcompat-reporter@mozilla.org version 1.0.0
1533426812080	addons.xpi	DEBUG	Calling bootstrap method shutdown on screenshots@mozilla.org version 32.1.0
1533426812098	addons.xpi	DEBUG	Calling bootstrap method shutdown on onboarding@mozilla.org version 1.0
1533426812103	addons.xpi	DEBUG	Calling bootstrap method shutdown on formautofill@mozilla.org version 1.0
1533426812110	addons.xpi	DEBUG	Calling bootstrap method shutdown on followonsearch@mozilla.com version 0.9.7
1533426812114	addons.xpi	DEBUG	Calling bootstrap method shutdown on firefox@getpocket.com version 1.0.5
1533426812123	addons.xpi	DEBUG	Calling bootstrap method shutdown on aushelper@mozilla.org version 2.0
1533426812127	addons.xpi	DEBUG	Calling bootstrap method shutdown on activity-stream@mozilla.org version 2018.06.29.1026-fa231556
[Parent 9556, Gecko_IOThread] WARNING: pipe error: 109: file z:/build/build/src/ipc/chromium/src/chrome/common/ipc_channel_win.cc, line 346
[Child 18264, Chrome_ChildThread] WARNING: pipe error: 109: file z:/build/build/src/ipc/chromium/src/chrome/common/ipc_channel_win.cc, line 346
[Child 18264, Chrome_ChildThread] WARNING: pipe error: 109: file z:/build/build/src/ipc/chromium/src/chrome/common/ipc_channel_win.cc, line 346
[Child 16700, Chrome_ChildThread] WARNING: pipe error: 109: file z:/build/build/src/ipc/chromium/src/chrome/common/ipc_channel_win.cc, line 346
[Parent 9556, Gecko_IOThread] WARNING: pipe error: 109: file z:/build/build/src/ipc/chromium/src/chrome/common/ipc_channel_win.cc, line 346
1533426812280	addons.manager	DEBUG	shutdown
1533426812281	addons.manager	DEBUG	Calling shutdown blocker for XPIProvider
1533426812281	addons.xpi	DEBUG	shutdown
1533426812281	addons.xpi-utils	DEBUG	shutdown
1533426812281	addons.manager	DEBUG	Calling shutdown blocker for LightweightThemeManager
1533426812281	addons.manager	DEBUG	Calling shutdown blocker for GMPProvider
1533426812282	addons.manager	DEBUG	Calling shutdown blocker for PluginProvider
1533426812288	addons.manager	DEBUG	Async provider shutdown done
*** UTM:SVC TimerManager:registerTimer called after profile-before-change notification. Ignoring timer registration for id: telemetry_modules_ping
[GPU 14792, Chro
###!!! [Child][MessageChannel::SendAndWait] Error: Channel error: cannot send/recv

 PluginProvider
1533426765052	addons.manager	DEBUG	Async provider shutdown done
*** UTM:SVC TimerManager:registerTimer called after profile-before-change notification. Ignoring timer registration for id: telemetry_modules_ping
[GPU 9548, Chrom
###!!! [Child][MessageChannel::SendAndWait] Error: Channel error: cannot send/recv

